<?xml version="1.0" encoding="UTF-8"?>
<!-- Generated by org.testng.reporters.JUnitReportReporter -->
<testsuite hostname="sheetalPC" failures="0" tests="1" name="com.ShoppersStack.TestScripts.Tc_002_Verify_User_Is_Able_To_Delete_Address_Or_Not" time="39.537" errors="0" timestamp="2025-01-02T20:40:06 IST" skipped="0">
  <testcase classname="com.ShoppersStack.TestScripts.Tc_002_Verify_User_Is_Able_To_Delete_Address_Or_Not" name="deleteAddress" time="39.537"/>
</testsuite> <!-- com.ShoppersStack.TestScripts.Tc_002_Verify_User_Is_Able_To_Delete_Address_Or_Not -->
