<?xml version="1.0" encoding="UTF-8"?>
<!-- Generated by org.testng.reporters.JUnitReportReporter -->
<testsuite hostname="sheetalPC" failures="0" tests="1" name="com.ShoppersStack.TestScripts.Tc_001_Verify_User_Is_Able_To_Add_Address_Or_Not" time="39.380" errors="0" timestamp="2025-01-02T21:08:16 IST" skipped="0">
  <testcase classname="com.ShoppersStack.TestScripts.Tc_001_Verify_User_Is_Able_To_Add_Address_Or_Not" name="addAddress" time="39.380"/>
</testsuite> <!-- com.ShoppersStack.TestScripts.Tc_001_Verify_User_Is_Able_To_Add_Address_Or_Not -->
